[debug] [2026-04-20T16:16:42.156Z] ----------------------------------------------------------------------
[debug] [2026-04-20T16:16:42.160Z] Command:       C:\Program Files\nodejs\node.exe C:\Users\satya\AppData\Roaming\npm\node_modules\firebase-tools\lib\bin\firebase.js init
[debug] [2026-04-20T16:16:42.161Z] CLI Version:   15.15.0
[debug] [2026-04-20T16:16:42.161Z] Platform:      win32
[debug] [2026-04-20T16:16:42.161Z] Node Version:  v24.13.0
[debug] [2026-04-20T16:16:42.161Z] Time:          Mon Apr 20 2026 21:46:42 GMT+0530 (India Standard Time)
[debug] [2026-04-20T16:16:42.161Z] ----------------------------------------------------------------------
[debug] 
[info] 
     ######## #### ########  ######## ########     ###     ######  ########
     ##        ##  ##     ## ##       ##     ##  ##   ##  ##       ##
     ######    ##  ########  ######   ########  #########  ######  ######
     ##        ##  ##    ##  ##       ##     ## ##     ##       ## ##
     ##       #### ##     ## ######## ########  ##     ##  ######  ########

You're about to initialize a Firebase project in this directory:

  C:\Users\satya\OneDrive\Desktop\Bus Tracking System\bus-tracker

[info] 
=== Project Setup
[info] 
[info] First, let's associate this project directory with a Firebase project.
[info] You can create multiple project aliases by running firebase use --add, 
[info] 
[debug] [2026-04-20T16:18:20.466Z] > command requires scopes: ["email","openid","https://www.googleapis.com/auth/cloudplatformprojects.readonly","https://www.googleapis.com/auth/firebase","https://www.googleapis.com/auth/cloud-platform"]
[debug] [2026-04-20T16:18:20.467Z] > authorizing via signed-in user (satyamsharma13oct@gmail.com)
[debug] [2026-04-20T16:18:20.469Z] Checked if tokens are valid: true, expires at: 1776705399209
[debug] [2026-04-20T16:18:20.469Z] Checked if tokens are valid: true, expires at: 1776705399209
[debug] [2026-04-20T16:18:20.471Z] >>> [apiv2][query] GET https://firebase.googleapis.com/v1beta1/projects pageSize=100
[debug] [2026-04-20T16:18:22.018Z] <<< [apiv2][status] GET https://firebase.googleapis.com/v1beta1/projects 200
[debug] [2026-04-20T16:18:22.019Z] <<< [apiv2][body] GET https://firebase.googleapis.com/v1beta1/projects [omitted]
[info] 
=== Database Setup
[info] 
[info] Firebase Realtime Database Security Rules allow you to define how your data should be
[info] structured and when your data can be read from and written to.
[info] 
